0 info it worked if it ends with ok
1 verbose cli [ '/home/ubuntu/.nvm/versions/node/v4.4.0/bin/node',
1 verbose cli   '/home/ubuntu/.nvm/versions/node/v4.4.0/bin/npm',
1 verbose cli   'install',
1 verbose cli   'karma-phantom-launcher',
1 verbose cli   '--save-dev' ]
2 info using npm@2.14.20
3 info using node@v4.4.0
4 verbose install initial load of /home/ubuntu/workspace/package.json
5 verbose installManyTop reading scoped package data from /home/ubuntu/workspace/node_modules/chai/package.json
6 verbose installManyTop reading scoped package data from /home/ubuntu/workspace/node_modules/gulp/package.json
7 verbose installManyTop reading scoped package data from /home/ubuntu/workspace/node_modules/gulp-gh-pages/package.json
8 verbose installManyTop reading scoped package data from /home/ubuntu/workspace/node_modules/jasmine-core/package.json
9 verbose installManyTop reading scoped package data from /home/ubuntu/workspace/node_modules/karma/package.json
10 verbose installManyTop reading scoped package data from /home/ubuntu/workspace/node_modules/karma-chai/package.json
11 verbose installManyTop reading scoped package data from /home/ubuntu/workspace/node_modules/karma-chrome-launcher/package.json
12 verbose installManyTop reading scoped package data from /home/ubuntu/workspace/node_modules/karma-coverage/package.json
13 verbose installManyTop reading scoped package data from /home/ubuntu/workspace/node_modules/karma-firefox-launcher/package.json
14 verbose installManyTop reading scoped package data from /home/ubuntu/workspace/node_modules/karma-html2js-preprocessor/package.json
15 verbose installManyTop reading scoped package data from /home/ubuntu/workspace/node_modules/karma-jasmine/package.json
16 verbose installManyTop reading scoped package data from /home/ubuntu/workspace/node_modules/karma-mocha/package.json
17 verbose installManyTop reading scoped package data from /home/ubuntu/workspace/node_modules/karma-phantomjs-launcher/package.json
18 verbose installManyTop reading scoped package data from /home/ubuntu/workspace/node_modules/karma-sourcemap-loader/package.json
19 verbose installManyTop reading scoped package data from /home/ubuntu/workspace/node_modules/mocha/package.json
20 verbose installManyTop reading scoped package data from /home/ubuntu/workspace/node_modules/phantomjs/package.json
21 verbose installManyTop reading scoped package data from /home/ubuntu/workspace/node_modules/phantomjs-prebuilt/package.json
22 verbose readDependencies loading dependencies from /home/ubuntu/workspace/package.json
23 silly cache add args [ 'karma-phantom-launcher', null ]
24 verbose cache add spec karma-phantom-launcher
25 silly cache add parsed spec Result {
25 silly cache add   raw: 'karma-phantom-launcher',
25 silly cache add   scope: null,
25 silly cache add   name: 'karma-phantom-launcher',
25 silly cache add   rawSpec: '',
25 silly cache add   spec: 'latest',
25 silly cache add   type: 'tag' }
26 silly addNamed karma-phantom-launcher@latest
27 verbose addNamed "latest" is being treated as a dist-tag for karma-phantom-launcher
28 info addNameTag [ 'karma-phantom-launcher', 'latest' ]
29 silly mapToRegistry name karma-phantom-launcher
30 silly mapToRegistry using default registry
31 silly mapToRegistry registry https://registry.npmjs.org/
32 silly mapToRegistry uri https://registry.npmjs.org/karma-phantom-launcher
33 verbose addNameTag registry:https://registry.npmjs.org/karma-phantom-launcher not in flight; fetching
34 verbose request uri https://registry.npmjs.org/karma-phantom-launcher
35 verbose request no auth needed
36 info attempt registry request try #1 at 8:51:35 AM
37 verbose request id d1a8559b8b505835
38 http request GET https://registry.npmjs.org/karma-phantom-launcher
39 http 404 https://registry.npmjs.org/karma-phantom-launcher
40 verbose headers { 'content-type': 'application/json',
40 verbose headers   'cache-control': 'max-age=0',
40 verbose headers   'content-length': '2',
40 verbose headers   'accept-ranges': 'bytes',
40 verbose headers   date: 'Thu, 31 Mar 2016 08:51:35 GMT',
40 verbose headers   via: '1.1 varnish',
40 verbose headers   age: '0',
40 verbose headers   connection: 'keep-alive',
40 verbose headers   'x-served-by': 'cache-lhr6329-LHR',
40 verbose headers   'x-cache': 'MISS',
40 verbose headers   'x-cache-hits': '0',
40 verbose headers   'x-timer': 'S1459414295.202071,VS0,VE184' }
41 silly get cb [ 404,
41 silly get   { 'content-type': 'application/json',
41 silly get     'cache-control': 'max-age=0',
41 silly get     'content-length': '2',
41 silly get     'accept-ranges': 'bytes',
41 silly get     date: 'Thu, 31 Mar 2016 08:51:35 GMT',
41 silly get     via: '1.1 varnish',
41 silly get     age: '0',
41 silly get     connection: 'keep-alive',
41 silly get     'x-served-by': 'cache-lhr6329-LHR',
41 silly get     'x-cache': 'MISS',
41 silly get     'x-cache-hits': '0',
41 silly get     'x-timer': 'S1459414295.202071,VS0,VE184' } ]
42 verbose stack Error: Registry returned 404 for GET on https://registry.npmjs.org/karma-phantom-launcher
42 verbose stack     at makeError (/home/ubuntu/.nvm/versions/node/v4.4.0/lib/node_modules/npm/node_modules/npm-registry-client/lib/request.js:264:12)
42 verbose stack     at CachingRegistryClient.<anonymous> (/home/ubuntu/.nvm/versions/node/v4.4.0/lib/node_modules/npm/node_modules/npm-registry-client/lib/request.js:242:14)
42 verbose stack     at Request._callback (/home/ubuntu/.nvm/versions/node/v4.4.0/lib/node_modules/npm/node_modules/npm-registry-client/lib/request.js:172:14)
42 verbose stack     at Request.self.callback (/home/ubuntu/.nvm/versions/node/v4.4.0/lib/node_modules/npm/node_modules/request/request.js:199:22)
42 verbose stack     at emitTwo (events.js:87:13)
42 verbose stack     at Request.emit (events.js:172:7)
42 verbose stack     at Request.<anonymous> (/home/ubuntu/.nvm/versions/node/v4.4.0/lib/node_modules/npm/node_modules/request/request.js:1036:10)
42 verbose stack     at emitOne (events.js:82:20)
42 verbose stack     at Request.emit (events.js:169:7)
42 verbose stack     at IncomingMessage.<anonymous> (/home/ubuntu/.nvm/versions/node/v4.4.0/lib/node_modules/npm/node_modules/request/request.js:963:12)
43 verbose statusCode 404
44 verbose pkgid karma-phantom-launcher
45 verbose cwd /home/ubuntu/workspace
46 error Linux 4.2.0-c9
47 error argv "/home/ubuntu/.nvm/versions/node/v4.4.0/bin/node" "/home/ubuntu/.nvm/versions/node/v4.4.0/bin/npm" "install" "karma-phantom-launcher" "--save-dev"
48 error node v4.4.0
49 error npm  v2.14.20
50 error code E404
51 error 404 Registry returned 404 for GET on https://registry.npmjs.org/karma-phantom-launcher
51 error 404
51 error 404 'karma-phantom-launcher' is not in the npm registry.
51 error 404 You should bug the author to publish it (or use the name yourself!)
51 error 404 It was specified as a dependency of 'Conversor'
51 error 404
51 error 404 Note that you can also install from a
51 error 404 tarball, folder, http url, or git url.
52 verbose exit [ 1, true ]
